2025-12-08 14:45:08,805 - INFO - 配置信息:
2025-12-08 14:45:08,805 - INFO -   代理服务器: http://proxy.mornai.cn:7890
2025-12-08 14:45:08,805 - INFO -   SSL验证: True
2025-12-08 14:45:08,805 - INFO -   最大记录数: 10000
2025-12-08 14:45:08,805 - INFO - 
2025-12-08 14:45:08,805 - INFO - 使用代理: http://proxy.mornai.cn:7890
2025-12-08 14:45:08,806 - INFO - ================================================================================
2025-12-08 14:45:08,806 - INFO - 测试与Zenodo的连接...
2025-12-08 14:45:08,806 - INFO - ================================================================================
2025-12-08 14:45:10,766 - INFO - ✓ 连接成功！
2025-12-08 14:45:10,766 - INFO - ✓ 状态码: 200
2025-12-08 14:45:10,766 - INFO - ✓ Zenodo总记录数: 5,607,213
2025-12-08 14:45:10,766 - INFO - ================================================================================
2025-12-08 14:45:10,766 - INFO - 
================================================================================
2025-12-08 14:45:10,766 - INFO - 步骤1/4: 搜索Zenodo单细胞测序记录
2025-12-08 14:45:10,766 - INFO - ================================================================================
2025-12-08 14:45:10,766 - INFO - 
============================================================
2025-12-08 14:45:10,766 - INFO - 正在搜索关键词: single cell RNA-seq
2025-12-08 14:45:10,766 - INFO - ============================================================
2025-12-08 14:45:10,766 - INFO -   请求第 1 页...
2025-12-08 14:45:11,036 - ERROR -   ✗ 请求失败: HTTP 400
2025-12-08 14:45:11,036 - INFO - 
============================================================
2025-12-08 14:45:11,036 - INFO - 正在搜索关键词: scRNA-seq
2025-12-08 14:45:11,036 - INFO - ============================================================
2025-12-08 14:45:11,036 - INFO -   请求第 1 页...
2025-12-08 14:45:11,310 - ERROR -   ✗ 请求失败: HTTP 400
2025-12-08 14:45:11,311 - INFO - 
============================================================
2025-12-08 14:45:11,311 - INFO - 正在搜索关键词: single-cell transcriptomics
2025-12-08 14:45:11,311 - INFO - ============================================================
2025-12-08 14:45:11,311 - INFO -   请求第 1 页...
2025-12-08 14:45:11,584 - ERROR -   ✗ 请求失败: HTTP 400
2025-12-08 14:45:11,584 - INFO - 
============================================================
2025-12-08 14:45:11,584 - INFO - 正在搜索关键词: single cell sequencing
2025-12-08 14:45:11,584 - INFO - ============================================================
2025-12-08 14:45:11,584 - INFO -   请求第 1 页...
2025-12-08 14:45:11,856 - ERROR -   ✗ 请求失败: HTTP 400
2025-12-08 14:45:11,857 - INFO - 
============================================================
2025-12-08 14:45:11,857 - INFO - 正在搜索关键词: 10x Genomics
2025-12-08 14:45:11,857 - INFO - ============================================================
2025-12-08 14:45:11,857 - INFO -   请求第 1 页...
2025-12-08 14:45:12,127 - ERROR -   ✗ 请求失败: HTTP 400
2025-12-08 14:45:12,127 - INFO - 
============================================================
2025-12-08 14:45:12,127 - INFO - 正在搜索关键词: Drop-seq
2025-12-08 14:45:12,127 - INFO - ============================================================
2025-12-08 14:45:12,127 - INFO -   请求第 1 页...
2025-12-08 14:45:12,411 - ERROR -   ✗ 请求失败: HTTP 400
2025-12-08 14:45:12,411 - INFO - 
============================================================
2025-12-08 14:45:12,411 - INFO - 正在搜索关键词: Smart-seq
2025-12-08 14:45:12,411 - INFO - ============================================================
2025-12-08 14:45:12,411 - INFO -   请求第 1 页...
2025-12-08 14:45:12,682 - ERROR -   ✗ 请求失败: HTTP 400
2025-12-08 14:45:12,682 - INFO - 
============================================================
2025-12-08 14:45:12,682 - INFO - 正在搜索关键词: CITE-seq
2025-12-08 14:45:12,682 - INFO - ============================================================
2025-12-08 14:45:12,682 - INFO -   请求第 1 页...
2025-12-08 14:45:12,957 - ERROR -   ✗ 请求失败: HTTP 400
2025-12-08 14:45:12,958 - INFO - 
============================================================
2025-12-08 14:45:12,958 - INFO - 正在搜索关键词: single nucleus RNA-seq
2025-12-08 14:45:12,958 - INFO - ============================================================
2025-12-08 14:45:12,958 - INFO -   请求第 1 页...
2025-12-08 14:45:13,225 - ERROR -   ✗ 请求失败: HTTP 400
2025-12-08 14:45:13,225 - INFO - 
============================================================
2025-12-08 14:45:13,225 - INFO - 正在搜索关键词: snRNA-seq
2025-12-08 14:45:13,225 - INFO - ============================================================
2025-12-08 14:45:13,225 - INFO -   请求第 1 页...
2025-12-08 14:45:13,494 - ERROR -   ✗ 请求失败: HTTP 400
2025-12-08 14:45:13,495 - INFO - 
============================================================
2025-12-08 14:45:13,495 - INFO - 正在搜索关键词: single cell gene expression
2025-12-08 14:45:13,495 - INFO - ============================================================
2025-12-08 14:45:13,495 - INFO -   请求第 1 页...
2025-12-08 14:45:13,763 - ERROR -   ✗ 请求失败: HTTP 400
2025-12-08 14:45:13,763 - INFO - 
============================================================
2025-12-08 14:45:13,763 - INFO - 正在搜索关键词: sc-RNA-seq
2025-12-08 14:45:13,763 - INFO - ============================================================
2025-12-08 14:45:13,763 - INFO -   请求第 1 页...
2025-12-08 14:45:14,031 - ERROR -   ✗ 请求失败: HTTP 400
2025-12-08 14:45:14,031 - INFO - 
============================================================
2025-12-08 14:45:14,031 - INFO - 正在搜索关键词: single-cell RNA sequencing
2025-12-08 14:45:14,031 - INFO - ============================================================
2025-12-08 14:45:14,031 - INFO -   请求第 1 页...
2025-12-08 14:45:14,299 - ERROR -   ✗ 请求失败: HTTP 400
2025-12-08 14:45:14,300 - INFO - 
================================================================================
2025-12-08 14:45:14,300 - INFO - 搜索完成！总共收集到 0 条唯一记录
2025-12-08 14:45:14,300 - INFO - ================================================================================
2025-12-08 14:45:14,300 - WARNING - 未找到任何记录
2025-12-08 14:45:14,314 - INFO - ✓ 已保存CSV文件: zenodo_scrna_no_results_20251208_144514.csv
2025-12-08 14:45:14,718 - INFO - ✓ 已保存Excel文件: zenodo_scrna_no_results_20251208_144514.xlsx
2025-12-08 14:45:14,721 - INFO - ✓ 已保存JSON文件: zenodo_scrna_no_results_20251208_144514.json
2025-12-08 14:45:14,721 - INFO - ✓ 已保存原始记录pickle文件: zenodo_scrna_no_results_raw_records_20251208_144514.pkl
2025-12-08 14:45:14,721 - INFO - ✓ 已保存统计文件: zenodo_scrna_no_results_statistics_20251208_144514.txt
